  [1m[35m (498.0ms)[0m  [1m[35mCREATE DATABASE "bookstore_development" ENCODING = 'unicode'[0m
  ↳ /Users/lucassantos/.rbenv/versions/2.6.0/bin/rake:23
  [1m[35m (432.0ms)[0m  [1m[35mCREATE DATABASE "bookstore_test" ENCODING = 'unicode'[0m
  ↳ /Users/lucassantos/.rbenv/versions/2.6.0/bin/rake:23
  [1m[35m (43.1ms)[0m  [1m[35mCREATE TABLE "schema_migrations" ("version" character varying NOT NULL PRIMARY KEY)[0m
  ↳ /Users/lucassantos/.rbenv/versions/2.6.0/bin/rake:23
  [1m[35m (40.7ms)[0m  [1m[35mCREATE TABLE "ar_internal_metadata" ("key" character varying NOT NULL PRIMARY KEY, "value" character varying, "created_at" timestamp NOT NULL, "updated_at" timestamp NOT NULL)[0m
  ↳ /Users/lucassantos/.rbenv/versions/2.6.0/bin/rake:23
  [1m[35m (0.4ms)[0m  [1m[34mSELECT pg_try_advisory_lock(3886713595328386830)[0m
  ↳ /Users/lucassantos/.rbenv/versions/2.6.0/bin/rake:23
  [1m[35m (0.6ms)[0m  [1m[34mSELECT "schema_migrations"."version" FROM "schema_migrations" ORDER BY "schema_migrations"."version" ASC[0m
  ↳ /Users/lucassantos/.rbenv/versions/2.6.0/bin/rake:23
Migrating to CreateProducts (20190318220948)
  [1m[35m (0.2ms)[0m  [1m[35mBEGIN[0m
  ↳ /Users/lucassantos/.rbenv/versions/2.6.0/bin/rake:23
  [1m[35m (79.1ms)[0m  [1m[35mCREATE TABLE "products" ("id" bigserial primary key, "author" character varying, "year" character varying, "title" character varying, "publisher" character varying, "edition" character varying, "isbn" character varying, "pages" character varying, "synopsis" text, "dimensions" character varying, "barcode" character varying, "active" boolean, "activation_reason" character varying, "created_at" timestamp NOT NULL, "updated_at" timestamp NOT NULL)[0m
  ↳ db/migrate/20190318220948_create_products.rb:3
  [1m[36mActiveRecord::SchemaMigration Create (0.8ms)[0m  [1m[32mINSERT INTO "schema_migrations" ("version") VALUES ($1) RETURNING "version"[0m  [["version", "20190318220948"]]
  ↳ /Users/lucassantos/.rbenv/versions/2.6.0/bin/rake:23
  [1m[35m (0.5ms)[0m  [1m[35mCOMMIT[0m
  ↳ /Users/lucassantos/.rbenv/versions/2.6.0/bin/rake:23
  [1m[36mActiveRecord::InternalMetadata Load (0.4ms)[0m  [1m[34mSELECT  "ar_internal_metadata".* FROM "ar_internal_metadata" WHERE "ar_internal_metadata"."key" = $1 LIMIT $2[0m  [["key", "environment"], ["LIMIT", 1]]
  ↳ /Users/lucassantos/.rbenv/versions/2.6.0/bin/rake:23
  [1m[35m (0.2ms)[0m  [1m[35mBEGIN[0m
  ↳ /Users/lucassantos/.rbenv/versions/2.6.0/bin/rake:23
  [1m[36mActiveRecord::InternalMetadata Create (32.8ms)[0m  [1m[32mINSERT INTO "ar_internal_metadata" ("key", "value", "created_at", "updated_at") VALUES ($1, $2, $3, $4) RETURNING "key"[0m  [["key", "environment"], ["value", "development"], ["created_at", "2019-03-18 22:10:39.674907"], ["updated_at", "2019-03-18 22:10:39.674907"]]
  ↳ /Users/lucassantos/.rbenv/versions/2.6.0/bin/rake:23
  [1m[35m (0.4ms)[0m  [1m[35mCOMMIT[0m
  ↳ /Users/lucassantos/.rbenv/versions/2.6.0/bin/rake:23
  [1m[35m (0.3ms)[0m  [1m[34mSELECT pg_advisory_unlock(3886713595328386830)[0m
  ↳ /Users/lucassantos/.rbenv/versions/2.6.0/bin/rake:23
  [1m[35m (0.3ms)[0m  [1m[34mSELECT "schema_migrations"."version" FROM "schema_migrations" ORDER BY "schema_migrations"."version" ASC[0m
  ↳ /Users/lucassantos/.rbenv/versions/2.6.0/bin/rake:23
  [1m[35m (0.2ms)[0m  [1m[34mSELECT pg_try_advisory_lock(3886713595328386830)[0m
  ↳ /Users/lucassantos/.rbenv/versions/2.6.0/bin/rake:23
  [1m[35m (0.6ms)[0m  [1m[34mSELECT "schema_migrations"."version" FROM "schema_migrations" ORDER BY "schema_migrations"."version" ASC[0m
  ↳ /Users/lucassantos/.rbenv/versions/2.6.0/bin/rake:23
Migrating to CreatePriceGroups (20190318221416)
  [1m[35m (0.2ms)[0m  [1m[35mBEGIN[0m
  ↳ /Users/lucassantos/.rbenv/versions/2.6.0/bin/rake:23
  [1m[35m (47.7ms)[0m  [1m[35mCREATE TABLE "price_groups" ("id" bigserial primary key, "prefix" character varying, "description" character varying, "created_at" timestamp NOT NULL, "updated_at" timestamp NOT NULL)[0m
  ↳ db/migrate/20190318221416_create_price_groups.rb:3
  [1m[36mActiveRecord::SchemaMigration Create (0.5ms)[0m  [1m[32mINSERT INTO "schema_migrations" ("version") VALUES ($1) RETURNING "version"[0m  [["version", "20190318221416"]]
  ↳ /Users/lucassantos/.rbenv/versions/2.6.0/bin/rake:23
  [1m[35m (2.1ms)[0m  [1m[35mCOMMIT[0m
  ↳ /Users/lucassantos/.rbenv/versions/2.6.0/bin/rake:23
Migrating to CreateCategories (20190318221447)
  [1m[35m (39.8ms)[0m  [1m[35mBEGIN[0m
  ↳ /Users/lucassantos/.rbenv/versions/2.6.0/bin/rake:23
  [1m[35m (4.0ms)[0m  [1m[35mCREATE TABLE "categories" ("id" bigserial primary key, "prefix" character varying, "description" character varying, "created_at" timestamp NOT NULL, "updated_at" timestamp NOT NULL)[0m
  ↳ db/migrate/20190318221447_create_categories.rb:3
  [1m[36mActiveRecord::SchemaMigration Create (0.5ms)[0m  [1m[32mINSERT INTO "schema_migrations" ("version") VALUES ($1) RETURNING "version"[0m  [["version", "20190318221447"]]
  ↳ /Users/lucassantos/.rbenv/versions/2.6.0/bin/rake:23
  [1m[35m (0.5ms)[0m  [1m[35mCOMMIT[0m
  ↳ /Users/lucassantos/.rbenv/versions/2.6.0/bin/rake:23
  [1m[36mActiveRecord::InternalMetadata Load (24.9ms)[0m  [1m[34mSELECT  "ar_internal_metadata".* FROM "ar_internal_metadata" WHERE "ar_internal_metadata"."key" = $1 LIMIT $2[0m  [["key", "environment"], ["LIMIT", 1]]
  ↳ /Users/lucassantos/.rbenv/versions/2.6.0/bin/rake:23
  [1m[35m (0.3ms)[0m  [1m[35mBEGIN[0m
  ↳ /Users/lucassantos/.rbenv/versions/2.6.0/bin/rake:23
  [1m[35m (0.2ms)[0m  [1m[35mCOMMIT[0m
  ↳ /Users/lucassantos/.rbenv/versions/2.6.0/bin/rake:23
  [1m[35m (0.6ms)[0m  [1m[34mSELECT pg_advisory_unlock(3886713595328386830)[0m
  ↳ /Users/lucassantos/.rbenv/versions/2.6.0/bin/rake:23
  [1m[35m (0.4ms)[0m  [1m[34mSELECT "schema_migrations"."version" FROM "schema_migrations" ORDER BY "schema_migrations"."version" ASC[0m
  ↳ /Users/lucassantos/.rbenv/versions/2.6.0/bin/rake:23
Started GET "/" for 127.0.0.1 at 2019-03-18 19:28:52 -0300
  [1m[35m (40.6ms)[0m  [1m[34mSELECT "schema_migrations"."version" FROM "schema_migrations" ORDER BY "schema_migrations"."version" ASC[0m
  ↳ /Users/lucassantos/.rbenv/versions/2.6.0/lib/ruby/gems/2.6.0/gems/activerecord-5.2.2/lib/active_record/log_subscriber.rb:98
Processing by Rails::WelcomeController#index as HTML
  Rendering /Users/lucassantos/.rbenv/versions/2.6.0/lib/ruby/gems/2.6.0/gems/railties-5.2.2/lib/rails/templates/rails/welcome/index.html.erb
  Rendered /Users/lucassantos/.rbenv/versions/2.6.0/lib/ruby/gems/2.6.0/gems/railties-5.2.2/lib/rails/templates/rails/welcome/index.html.erb (4.7ms)
Completed 200 OK in 30ms (Views: 12.3ms | ActiveRecord: 0.0ms)


Started GET "/serviceworker.js" for 127.0.0.1 at 2019-03-18 19:28:54 -0300
  
ActionController::RoutingError (No route matches [GET] "/serviceworker.js"):
  
actionpack (5.2.2) lib/action_dispatch/middleware/debug_exceptions.rb:65:in `call'
web-console (3.7.0) lib/web_console/middleware.rb:135:in `call_app'
web-console (3.7.0) lib/web_console/middleware.rb:30:in `block in call'
web-console (3.7.0) lib/web_console/middleware.rb:20:in `catch'
web-console (3.7.0) lib/web_console/middleware.rb:20:in `call'
actionpack (5.2.2) lib/action_dispatch/middleware/show_exceptions.rb:33:in `call'
railties (5.2.2) lib/rails/rack/logger.rb:38:in `call_app'
railties (5.2.2) lib/rails/rack/logger.rb:26:in `block in call'
activesupport (5.2.2) lib/active_support/tagged_logging.rb:71:in `block in tagged'
activesupport (5.2.2) lib/active_support/tagged_logging.rb:28:in `tagged'
activesupport (5.2.2) lib/active_support/tagged_logging.rb:71:in `tagged'
railties (5.2.2) lib/rails/rack/logger.rb:26:in `call'
sprockets-rails (3.2.1) lib/sprockets/rails/quiet_assets.rb:13:in `call'
actionpack (5.2.2) lib/action_dispatch/middleware/remote_ip.rb:81:in `call'
actionpack (5.2.2) lib/action_dispatch/middleware/request_id.rb:27:in `call'
rack (2.0.6) lib/rack/method_override.rb:22:in `call'
rack (2.0.6) lib/rack/runtime.rb:22:in `call'
activesupport (5.2.2) lib/active_support/cache/strategy/local_cache_middleware.rb:29:in `call'
actionpack (5.2.2) lib/action_dispatch/middleware/executor.rb:14:in `call'
actionpack (5.2.2) lib/action_dispatch/middleware/static.rb:127:in `call'
rack (2.0.6) lib/rack/sendfile.rb:111:in `call'
railties (5.2.2) lib/rails/engine.rb:524:in `call'
puma (3.12.0) lib/puma/configuration.rb:225:in `call'
puma (3.12.0) lib/puma/server.rb:658:in `handle_request'
puma (3.12.0) lib/puma/server.rb:472:in `process_client'
puma (3.12.0) lib/puma/server.rb:332:in `block in run'
puma (3.12.0) lib/puma/thread_pool.rb:133:in `block in spawn_thread'
Started GET "/product" for 127.0.0.1 at 2019-03-18 19:28:57 -0300
  
ActionController::RoutingError (No route matches [GET] "/product"):
  
actionpack (5.2.2) lib/action_dispatch/middleware/debug_exceptions.rb:65:in `call'
web-console (3.7.0) lib/web_console/middleware.rb:135:in `call_app'
web-console (3.7.0) lib/web_console/middleware.rb:30:in `block in call'
web-console (3.7.0) lib/web_console/middleware.rb:20:in `catch'
web-console (3.7.0) lib/web_console/middleware.rb:20:in `call'
actionpack (5.2.2) lib/action_dispatch/middleware/show_exceptions.rb:33:in `call'
railties (5.2.2) lib/rails/rack/logger.rb:38:in `call_app'
railties (5.2.2) lib/rails/rack/logger.rb:26:in `block in call'
activesupport (5.2.2) lib/active_support/tagged_logging.rb:71:in `block in tagged'
activesupport (5.2.2) lib/active_support/tagged_logging.rb:28:in `tagged'
activesupport (5.2.2) lib/active_support/tagged_logging.rb:71:in `tagged'
railties (5.2.2) lib/rails/rack/logger.rb:26:in `call'
sprockets-rails (3.2.1) lib/sprockets/rails/quiet_assets.rb:13:in `call'
actionpack (5.2.2) lib/action_dispatch/middleware/remote_ip.rb:81:in `call'
actionpack (5.2.2) lib/action_dispatch/middleware/request_id.rb:27:in `call'
rack (2.0.6) lib/rack/method_override.rb:22:in `call'
rack (2.0.6) lib/rack/runtime.rb:22:in `call'
activesupport (5.2.2) lib/active_support/cache/strategy/local_cache_middleware.rb:29:in `call'
actionpack (5.2.2) lib/action_dispatch/middleware/executor.rb:14:in `call'
actionpack (5.2.2) lib/action_dispatch/middleware/static.rb:127:in `call'
rack (2.0.6) lib/rack/sendfile.rb:111:in `call'
railties (5.2.2) lib/rails/engine.rb:524:in `call'
puma (3.12.0) lib/puma/configuration.rb:225:in `call'
puma (3.12.0) lib/puma/server.rb:658:in `handle_request'
puma (3.12.0) lib/puma/server.rb:472:in `process_client'
puma (3.12.0) lib/puma/server.rb:332:in `block in run'
puma (3.12.0) lib/puma/thread_pool.rb:133:in `block in spawn_thread'
Started GET "/products" for 127.0.0.1 at 2019-03-18 19:28:59 -0300
Processing by ProductsController#index as HTML
  Rendering products/index.html.erb within layouts/application
  [1m[36mProduct Load (41.3ms)[0m  [1m[34mSELECT "products".* FROM "products"[0m
  ↳ app/views/products/index.html.erb:25
  Rendered products/index.html.erb within layouts/application (46.7ms)
Started GET "/serviceworker.js" for 127.0.0.1 at 2019-03-18 19:28:59 -0300
  
ActionController::RoutingError (No route matches [GET] "/serviceworker.js"):
  
actionpack (5.2.2) lib/action_dispatch/middleware/debug_exceptions.rb:65:in `call'
web-console (3.7.0) lib/web_console/middleware.rb:135:in `call_app'
web-console (3.7.0) lib/web_console/middleware.rb:30:in `block in call'
web-console (3.7.0) lib/web_console/middleware.rb:20:in `catch'
web-console (3.7.0) lib/web_console/middleware.rb:20:in `call'
actionpack (5.2.2) lib/action_dispatch/middleware/show_exceptions.rb:33:in `call'
railties (5.2.2) lib/rails/rack/logger.rb:38:in `call_app'
railties (5.2.2) lib/rails/rack/logger.rb:26:in `block in call'
activesupport (5.2.2) lib/active_support/tagged_logging.rb:71:in `block in tagged'
activesupport (5.2.2) lib/active_support/tagged_logging.rb:28:in `tagged'
activesupport (5.2.2) lib/active_support/tagged_logging.rb:71:in `tagged'
railties (5.2.2) lib/rails/rack/logger.rb:26:in `call'
sprockets-rails (3.2.1) lib/sprockets/rails/quiet_assets.rb:13:in `call'
actionpack (5.2.2) lib/action_dispatch/middleware/remote_ip.rb:81:in `call'
actionpack (5.2.2) lib/action_dispatch/middleware/request_id.rb:27:in `call'
rack (2.0.6) lib/rack/method_override.rb:22:in `call'
rack (2.0.6) lib/rack/runtime.rb:22:in `call'
activesupport (5.2.2) lib/active_support/cache/strategy/local_cache_middleware.rb:29:in `call'
actionpack (5.2.2) lib/action_dispatch/middleware/executor.rb:14:in `call'
actionpack (5.2.2) lib/action_dispatch/middleware/static.rb:127:in `call'
rack (2.0.6) lib/rack/sendfile.rb:111:in `call'
railties (5.2.2) lib/rails/engine.rb:524:in `call'
puma (3.12.0) lib/puma/configuration.rb:225:in `call'
puma (3.12.0) lib/puma/server.rb:658:in `handle_request'
puma (3.12.0) lib/puma/server.rb:472:in `process_client'
puma (3.12.0) lib/puma/server.rb:332:in `block in run'
puma (3.12.0) lib/puma/thread_pool.rb:133:in `block in spawn_thread'
Completed 200 OK in 1070ms (Views: 1019.3ms | ActiveRecord: 43.0ms)


Started GET "/serviceworker.js" for 127.0.0.1 at 2019-03-18 19:29:02 -0300
  
ActionController::RoutingError (No route matches [GET] "/serviceworker.js"):
  
actionpack (5.2.2) lib/action_dispatch/middleware/debug_exceptions.rb:65:in `call'
web-console (3.7.0) lib/web_console/middleware.rb:135:in `call_app'
web-console (3.7.0) lib/web_console/middleware.rb:30:in `block in call'
web-console (3.7.0) lib/web_console/middleware.rb:20:in `catch'
web-console (3.7.0) lib/web_console/middleware.rb:20:in `call'
actionpack (5.2.2) lib/action_dispatch/middleware/show_exceptions.rb:33:in `call'
railties (5.2.2) lib/rails/rack/logger.rb:38:in `call_app'
railties (5.2.2) lib/rails/rack/logger.rb:26:in `block in call'
activesupport (5.2.2) lib/active_support/tagged_logging.rb:71:in `block in tagged'
activesupport (5.2.2) lib/active_support/tagged_logging.rb:28:in `tagged'
activesupport (5.2.2) lib/active_support/tagged_logging.rb:71:in `tagged'
railties (5.2.2) lib/rails/rack/logger.rb:26:in `call'
sprockets-rails (3.2.1) lib/sprockets/rails/quiet_assets.rb:13:in `call'
actionpack (5.2.2) lib/action_dispatch/middleware/remote_ip.rb:81:in `call'
actionpack (5.2.2) lib/action_dispatch/middleware/request_id.rb:27:in `call'
rack (2.0.6) lib/rack/method_override.rb:22:in `call'
rack (2.0.6) lib/rack/runtime.rb:22:in `call'
activesupport (5.2.2) lib/active_support/cache/strategy/local_cache_middleware.rb:29:in `call'
actionpack (5.2.2) lib/action_dispatch/middleware/executor.rb:14:in `call'
actionpack (5.2.2) lib/action_dispatch/middleware/static.rb:127:in `call'
rack (2.0.6) lib/rack/sendfile.rb:111:in `call'
railties (5.2.2) lib/rails/engine.rb:524:in `call'
puma (3.12.0) lib/puma/configuration.rb:225:in `call'
puma (3.12.0) lib/puma/server.rb:658:in `handle_request'
puma (3.12.0) lib/puma/server.rb:472:in `process_client'
puma (3.12.0) lib/puma/server.rb:332:in `block in run'
puma (3.12.0) lib/puma/thread_pool.rb:133:in `block in spawn_thread'
Started GET "/products/new" for 127.0.0.1 at 2019-03-18 19:29:04 -0300
Processing by ProductsController#new as HTML
  Rendering products/new.html.erb within layouts/application
  Rendered products/_form.html.erb (44.7ms)
  Rendered products/new.html.erb within layouts/application (46.7ms)
Completed 200 OK in 142ms (Views: 68.4ms | ActiveRecord: 40.9ms)


Started GET "/products/new" for 127.0.0.1 at 2019-03-18 19:29:36 -0300
Processing by ProductsController#new as HTML
  Rendering products/new.html.erb within layouts/application
  Rendered products/_form.html.erb (9.6ms)
  Rendered products/new.html.erb within layouts/application (12.1ms)
Completed 200 OK in 61ms (Views: 58.3ms | ActiveRecord: 0.0ms)


Started POST "/products" for 127.0.0.1 at 2019-03-18 19:30:11 -0300
Processing by ProductsController#create as HTML
  Parameters: {"utf8"=>"✓", "authenticity_token"=>"LTHSGVzJSIb8bKRIErazhZpQeuKPcyNIp8RPQgnACep1aWnuFlzLgMArddlMao9cIiVr94uXvpNx1QdPnx/TCQ==", "product"=>{"author"=>"Teste", "year"=>"2019", "title"=>"Teste", "publisher"=>"Teste", "edition"=>"1a", "isbn"=>"1342njndfas", "pages"=>"211", "synopsis"=>"Teste synopse", "dimensions"=>"21x12x12", "barcode"=>"432414321412-0", "active"=>"1", "activation_reason"=>""}, "commit"=>"Create Product"}
  [1m[35m (0.2ms)[0m  [1m[35mBEGIN[0m
  ↳ app/controllers/products_controller.rb:30
  [1m[36mProduct Create (42.1ms)[0m  [1m[32mINSERT INTO "products" ("author", "year", "title", "publisher", "edition", "isbn", "pages", "synopsis", "dimensions", "barcode", "active", "activation_reason", "created_at", "updated_at") VALUES ($1, $2, $3, $4, $5, $6, $7, $8, $9, $10, $11, $12, $13, $14) RETURNING "id"[0m  [["author", "Teste"], ["year", "2019"], ["title", "Teste"], ["publisher", "Teste"], ["edition", "1a"], ["isbn", "1342njndfas"], ["pages", "211"], ["synopsis", "Teste synopse"], ["dimensions", "21x12x12"], ["barcode", "432414321412-0"], ["active", true], ["activation_reason", ""], ["created_at", "2019-03-18 22:30:11.897659"], ["updated_at", "2019-03-18 22:30:11.897659"]]
  ↳ app/controllers/products_controller.rb:30
  [1m[35m (1.2ms)[0m  [1m[35mCOMMIT[0m
  ↳ app/controllers/products_controller.rb:30
Redirected to http://localhost:3000/products/1
Completed 302 Found in 48ms (ActiveRecord: 43.5ms)


Started GET "/products/1" for 127.0.0.1 at 2019-03-18 19:30:11 -0300
Processing by ProductsController#show as HTML
  Parameters: {"id"=>"1"}
  [1m[36mProduct Load (0.3ms)[0m  [1m[34mSELECT  "products".* FROM "products" WHERE "products"."id" = $1 LIMIT $2[0m  [["id", 1], ["LIMIT", 1]]
  ↳ app/controllers/products_controller.rb:67
  Rendering products/show.html.erb within layouts/application
  Rendered products/show.html.erb within layouts/application (0.9ms)
Completed 200 OK in 33ms (Views: 27.0ms | ActiveRecord: 0.5ms)


Started GET "/serviceworker.js" for 127.0.0.1 at 2019-03-18 19:30:14 -0300
  
ActionController::RoutingError (No route matches [GET] "/serviceworker.js"):
  
actionpack (5.2.2) lib/action_dispatch/middleware/debug_exceptions.rb:65:in `call'
web-console (3.7.0) lib/web_console/middleware.rb:135:in `call_app'
web-console (3.7.0) lib/web_console/middleware.rb:30:in `block in call'
web-console (3.7.0) lib/web_console/middleware.rb:20:in `catch'
web-console (3.7.0) lib/web_console/middleware.rb:20:in `call'
actionpack (5.2.2) lib/action_dispatch/middleware/show_exceptions.rb:33:in `call'
railties (5.2.2) lib/rails/rack/logger.rb:38:in `call_app'
railties (5.2.2) lib/rails/rack/logger.rb:26:in `block in call'
activesupport (5.2.2) lib/active_support/tagged_logging.rb:71:in `block in tagged'
activesupport (5.2.2) lib/active_support/tagged_logging.rb:28:in `tagged'
activesupport (5.2.2) lib/active_support/tagged_logging.rb:71:in `tagged'
railties (5.2.2) lib/rails/rack/logger.rb:26:in `call'
sprockets-rails (3.2.1) lib/sprockets/rails/quiet_assets.rb:13:in `call'
actionpack (5.2.2) lib/action_dispatch/middleware/remote_ip.rb:81:in `call'
actionpack (5.2.2) lib/action_dispatch/middleware/request_id.rb:27:in `call'
rack (2.0.6) lib/rack/method_override.rb:22:in `call'
rack (2.0.6) lib/rack/runtime.rb:22:in `call'
activesupport (5.2.2) lib/active_support/cache/strategy/local_cache_middleware.rb:29:in `call'
actionpack (5.2.2) lib/action_dispatch/middleware/executor.rb:14:in `call'
actionpack (5.2.2) lib/action_dispatch/middleware/static.rb:127:in `call'
rack (2.0.6) lib/rack/sendfile.rb:111:in `call'
railties (5.2.2) lib/rails/engine.rb:524:in `call'
puma (3.12.0) lib/puma/configuration.rb:225:in `call'
puma (3.12.0) lib/puma/server.rb:658:in `handle_request'
puma (3.12.0) lib/puma/server.rb:472:in `process_client'
puma (3.12.0) lib/puma/server.rb:332:in `block in run'
puma (3.12.0) lib/puma/thread_pool.rb:133:in `block in spawn_thread'
Started GET "/products" for 127.0.0.1 at 2019-03-18 19:30:14 -0300
Processing by ProductsController#index as HTML
  Rendering products/index.html.erb within layouts/application
  [1m[36mProduct Load (5.3ms)[0m  [1m[34mSELECT "products".* FROM "products"[0m
  ↳ app/views/products/index.html.erb:25
  Rendered products/index.html.erb within layouts/application (14.2ms)
Completed 200 OK in 41ms (Views: 28.0ms | ActiveRecord: 10.5ms)


Started GET "/products/1" for 127.0.0.1 at 2019-03-18 19:30:17 -0300
Processing by ProductsController#show as HTML
  Parameters: {"id"=>"1"}
  [1m[36mProduct Load (0.6ms)[0m  [1m[34mSELECT  "products".* FROM "products" WHERE "products"."id" = $1 LIMIT $2[0m  [["id", 1], ["LIMIT", 1]]
  ↳ app/controllers/products_controller.rb:67
  Rendering products/show.html.erb within layouts/application
  Rendered products/show.html.erb within layouts/application (1.2ms)
Completed 200 OK in 65ms (Views: 33.0ms | ActiveRecord: 28.9ms)


Started GET "/serviceworker.js" for 127.0.0.1 at 2019-03-18 19:30:52 -0300
  
ActionController::RoutingError (No route matches [GET] "/serviceworker.js"):
  
actionpack (5.2.2) lib/action_dispatch/middleware/debug_exceptions.rb:65:in `call'
web-console (3.7.0) lib/web_console/middleware.rb:135:in `call_app'
web-console (3.7.0) lib/web_console/middleware.rb:30:in `block in call'
web-console (3.7.0) lib/web_console/middleware.rb:20:in `catch'
web-console (3.7.0) lib/web_console/middleware.rb:20:in `call'
actionpack (5.2.2) lib/action_dispatch/middleware/show_exceptions.rb:33:in `call'
railties (5.2.2) lib/rails/rack/logger.rb:38:in `call_app'
railties (5.2.2) lib/rails/rack/logger.rb:26:in `block in call'
activesupport (5.2.2) lib/active_support/tagged_logging.rb:71:in `block in tagged'
activesupport (5.2.2) lib/active_support/tagged_logging.rb:28:in `tagged'
activesupport (5.2.2) lib/active_support/tagged_logging.rb:71:in `tagged'
railties (5.2.2) lib/rails/rack/logger.rb:26:in `call'
sprockets-rails (3.2.1) lib/sprockets/rails/quiet_assets.rb:13:in `call'
actionpack (5.2.2) lib/action_dispatch/middleware/remote_ip.rb:81:in `call'
actionpack (5.2.2) lib/action_dispatch/middleware/request_id.rb:27:in `call'
rack (2.0.6) lib/rack/method_override.rb:22:in `call'
rack (2.0.6) lib/rack/runtime.rb:22:in `call'
activesupport (5.2.2) lib/active_support/cache/strategy/local_cache_middleware.rb:29:in `call'
actionpack (5.2.2) lib/action_dispatch/middleware/executor.rb:14:in `call'
actionpack (5.2.2) lib/action_dispatch/middleware/static.rb:127:in `call'
rack (2.0.6) lib/rack/sendfile.rb:111:in `call'
railties (5.2.2) lib/rails/engine.rb:524:in `call'
puma (3.12.0) lib/puma/configuration.rb:225:in `call'
puma (3.12.0) lib/puma/server.rb:658:in `handle_request'
puma (3.12.0) lib/puma/server.rb:472:in `process_client'
puma (3.12.0) lib/puma/server.rb:332:in `block in run'
puma (3.12.0) lib/puma/thread_pool.rb:133:in `block in spawn_thread'
Started GET "/" for 127.0.0.1 at 2019-03-22 21:47:52 -0300
  [1m[35m (3.2ms)[0m  [1m[34mSELECT "schema_migrations"."version" FROM "schema_migrations" ORDER BY "schema_migrations"."version" ASC[0m
  ↳ /Users/lucassantos/.rbenv/versions/2.6.0/lib/ruby/gems/2.6.0/gems/activerecord-5.2.2/lib/active_record/log_subscriber.rb:98
Processing by Rails::WelcomeController#index as HTML
  Rendering /Users/lucassantos/.rbenv/versions/2.6.0/lib/ruby/gems/2.6.0/gems/railties-5.2.2/lib/rails/templates/rails/welcome/index.html.erb
  Rendered /Users/lucassantos/.rbenv/versions/2.6.0/lib/ruby/gems/2.6.0/gems/railties-5.2.2/lib/rails/templates/rails/welcome/index.html.erb (4.1ms)
Completed 200 OK in 25ms (Views: 10.0ms | ActiveRecord: 0.0ms)


Started GET "/products" for 127.0.0.1 at 2019-03-22 21:47:55 -0300
Processing by ProductsController#index as HTML
  Rendering products/index.html.erb within layouts/application
Started GET "/serviceworker.js" for 127.0.0.1 at 2019-03-22 21:47:55 -0300
  
ActionController::RoutingError (No route matches [GET] "/serviceworker.js"):
  
actionpack (5.2.2) lib/action_dispatch/middleware/debug_exceptions.rb:65:in `call'
web-console (3.7.0) lib/web_console/middleware.rb:135:in `call_app'
web-console (3.7.0) lib/web_console/middleware.rb:30:in `block in call'
web-console (3.7.0) lib/web_console/middleware.rb:20:in `catch'
web-console (3.7.0) lib/web_console/middleware.rb:20:in `call'
actionpack (5.2.2) lib/action_dispatch/middleware/show_exceptions.rb:33:in `call'
railties (5.2.2) lib/rails/rack/logger.rb:38:in `call_app'
railties (5.2.2) lib/rails/rack/logger.rb:26:in `block in call'
activesupport (5.2.2) lib/active_support/tagged_logging.rb:71:in `block in tagged'
activesupport (5.2.2) lib/active_support/tagged_logging.rb:28:in `tagged'
activesupport (5.2.2) lib/active_support/tagged_logging.rb:71:in `tagged'
railties (5.2.2) lib/rails/rack/logger.rb:26:in `call'
sprockets-rails (3.2.1) lib/sprockets/rails/quiet_assets.rb:13:in `call'
actionpack (5.2.2) lib/action_dispatch/middleware/remote_ip.rb:81:in `call'
actionpack (5.2.2) lib/action_dispatch/middleware/request_id.rb:27:in `call'
rack (2.0.6) lib/rack/method_override.rb:22:in `call'
rack (2.0.6) lib/rack/runtime.rb:22:in `call'
activesupport (5.2.2) lib/active_support/cache/strategy/local_cache_middleware.rb:29:in `call'
actionpack (5.2.2) lib/action_dispatch/middleware/executor.rb:14:in `call'
actionpack (5.2.2) lib/action_dispatch/middleware/static.rb:127:in `call'
rack (2.0.6) lib/rack/sendfile.rb:111:in `call'
railties (5.2.2) lib/rails/engine.rb:524:in `call'
puma (3.12.0) lib/puma/configuration.rb:225:in `call'
puma (3.12.0) lib/puma/server.rb:658:in `handle_request'
puma (3.12.0) lib/puma/server.rb:472:in `process_client'
puma (3.12.0) lib/puma/server.rb:332:in `block in run'
puma (3.12.0) lib/puma/thread_pool.rb:133:in `block in spawn_thread'
  [1m[36mProduct Load (316.5ms)[0m  [1m[34mSELECT "products".* FROM "products"[0m
  ↳ app/views/products/index.html.erb:25
  Rendered products/index.html.erb within layouts/application (354.0ms)
Completed 200 OK in 685ms (Views: 351.1ms | ActiveRecord: 328.0ms)


Started GET "/serviceworker.js" for 127.0.0.1 at 2019-03-22 21:47:58 -0300
  
ActionController::RoutingError (No route matches [GET] "/serviceworker.js"):
  
actionpack (5.2.2) lib/action_dispatch/middleware/debug_exceptions.rb:65:in `call'
web-console (3.7.0) lib/web_console/middleware.rb:135:in `call_app'
web-console (3.7.0) lib/web_console/middleware.rb:30:in `block in call'
web-console (3.7.0) lib/web_console/middleware.rb:20:in `catch'
web-console (3.7.0) lib/web_console/middleware.rb:20:in `call'
actionpack (5.2.2) lib/action_dispatch/middleware/show_exceptions.rb:33:in `call'
railties (5.2.2) lib/rails/rack/logger.rb:38:in `call_app'
railties (5.2.2) lib/rails/rack/logger.rb:26:in `block in call'
activesupport (5.2.2) lib/active_support/tagged_logging.rb:71:in `block in tagged'
activesupport (5.2.2) lib/active_support/tagged_logging.rb:28:in `tagged'
activesupport (5.2.2) lib/active_support/tagged_logging.rb:71:in `tagged'
railties (5.2.2) lib/rails/rack/logger.rb:26:in `call'
sprockets-rails (3.2.1) lib/sprockets/rails/quiet_assets.rb:13:in `call'
actionpack (5.2.2) lib/action_dispatch/middleware/remote_ip.rb:81:in `call'
actionpack (5.2.2) lib/action_dispatch/middleware/request_id.rb:27:in `call'
rack (2.0.6) lib/rack/method_override.rb:22:in `call'
rack (2.0.6) lib/rack/runtime.rb:22:in `call'
activesupport (5.2.2) lib/active_support/cache/strategy/local_cache_middleware.rb:29:in `call'
actionpack (5.2.2) lib/action_dispatch/middleware/executor.rb:14:in `call'
actionpack (5.2.2) lib/action_dispatch/middleware/static.rb:127:in `call'
rack (2.0.6) lib/rack/sendfile.rb:111:in `call'
railties (5.2.2) lib/rails/engine.rb:524:in `call'
puma (3.12.0) lib/puma/configuration.rb:225:in `call'
puma (3.12.0) lib/puma/server.rb:658:in `handle_request'
puma (3.12.0) lib/puma/server.rb:472:in `process_client'
puma (3.12.0) lib/puma/server.rb:332:in `block in run'
puma (3.12.0) lib/puma/thread_pool.rb:133:in `block in spawn_thread'
Started GET "/products/new" for 127.0.0.1 at 2019-03-22 21:47:58 -0300
Processing by ProductsController#new as HTML
  Rendering products/new.html.erb within layouts/application
  Rendered products/_form.html.erb (21.3ms)
  Rendered products/new.html.erb within layouts/application (23.8ms)
Completed 200 OK in 52ms (Views: 48.8ms | ActiveRecord: 0.0ms)


Started GET "/category" for 127.0.0.1 at 2019-03-22 21:48:03 -0300
  
ActionController::RoutingError (No route matches [GET] "/category"):
  
actionpack (5.2.2) lib/action_dispatch/middleware/debug_exceptions.rb:65:in `call'
web-console (3.7.0) lib/web_console/middleware.rb:135:in `call_app'
web-console (3.7.0) lib/web_console/middleware.rb:30:in `block in call'
web-console (3.7.0) lib/web_console/middleware.rb:20:in `catch'
web-console (3.7.0) lib/web_console/middleware.rb:20:in `call'
actionpack (5.2.2) lib/action_dispatch/middleware/show_exceptions.rb:33:in `call'
railties (5.2.2) lib/rails/rack/logger.rb:38:in `call_app'
railties (5.2.2) lib/rails/rack/logger.rb:26:in `block in call'
activesupport (5.2.2) lib/active_support/tagged_logging.rb:71:in `block in tagged'
activesupport (5.2.2) lib/active_support/tagged_logging.rb:28:in `tagged'
activesupport (5.2.2) lib/active_support/tagged_logging.rb:71:in `tagged'
railties (5.2.2) lib/rails/rack/logger.rb:26:in `call'
sprockets-rails (3.2.1) lib/sprockets/rails/quiet_assets.rb:13:in `call'
actionpack (5.2.2) lib/action_dispatch/middleware/remote_ip.rb:81:in `call'
actionpack (5.2.2) lib/action_dispatch/middleware/request_id.rb:27:in `call'
rack (2.0.6) lib/rack/method_override.rb:22:in `call'
rack (2.0.6) lib/rack/runtime.rb:22:in `call'
activesupport (5.2.2) lib/active_support/cache/strategy/local_cache_middleware.rb:29:in `call'
actionpack (5.2.2) lib/action_dispatch/middleware/executor.rb:14:in `call'
actionpack (5.2.2) lib/action_dispatch/middleware/static.rb:127:in `call'
rack (2.0.6) lib/rack/sendfile.rb:111:in `call'
railties (5.2.2) lib/rails/engine.rb:524:in `call'
puma (3.12.0) lib/puma/configuration.rb:225:in `call'
puma (3.12.0) lib/puma/server.rb:658:in `handle_request'
puma (3.12.0) lib/puma/server.rb:472:in `process_client'
puma (3.12.0) lib/puma/server.rb:332:in `block in run'
puma (3.12.0) lib/puma/thread_pool.rb:133:in `block in spawn_thread'
Started GET "/serviceworker.js" for 127.0.0.1 at 2019-03-22 21:48:06 -0300
  
ActionController::RoutingError (No route matches [GET] "/serviceworker.js"):
  
actionpack (5.2.2) lib/action_dispatch/middleware/debug_exceptions.rb:65:in `call'
web-console (3.7.0) lib/web_console/middleware.rb:135:in `call_app'
web-console (3.7.0) lib/web_console/middleware.rb:30:in `block in call'
web-console (3.7.0) lib/web_console/middleware.rb:20:in `catch'
web-console (3.7.0) lib/web_console/middleware.rb:20:in `call'
actionpack (5.2.2) lib/action_dispatch/middleware/show_exceptions.rb:33:in `call'
railties (5.2.2) lib/rails/rack/logger.rb:38:in `call_app'
railties (5.2.2) lib/rails/rack/logger.rb:26:in `block in call'
activesupport (5.2.2) lib/active_support/tagged_logging.rb:71:in `block in tagged'
activesupport (5.2.2) lib/active_support/tagged_logging.rb:28:in `tagged'
activesupport (5.2.2) lib/active_support/tagged_logging.rb:71:in `tagged'
railties (5.2.2) lib/rails/rack/logger.rb:26:in `call'
sprockets-rails (3.2.1) lib/sprockets/rails/quiet_assets.rb:13:in `call'
actionpack (5.2.2) lib/action_dispatch/middleware/remote_ip.rb:81:in `call'
actionpack (5.2.2) lib/action_dispatch/middleware/request_id.rb:27:in `call'
rack (2.0.6) lib/rack/method_override.rb:22:in `call'
rack (2.0.6) lib/rack/runtime.rb:22:in `call'
activesupport (5.2.2) lib/active_support/cache/strategy/local_cache_middleware.rb:29:in `call'
actionpack (5.2.2) lib/action_dispatch/middleware/executor.rb:14:in `call'
actionpack (5.2.2) lib/action_dispatch/middleware/static.rb:127:in `call'
rack (2.0.6) lib/rack/sendfile.rb:111:in `call'
railties (5.2.2) lib/rails/engine.rb:524:in `call'
puma (3.12.0) lib/puma/configuration.rb:225:in `call'
puma (3.12.0) lib/puma/server.rb:658:in `handle_request'
puma (3.12.0) lib/puma/server.rb:472:in `process_client'
puma (3.12.0) lib/puma/server.rb:332:in `block in run'
puma (3.12.0) lib/puma/thread_pool.rb:133:in `block in spawn_thread'
Started GET "/categories" for 127.0.0.1 at 2019-03-22 21:48:13 -0300
Processing by CategoriesController#index as HTML
  Rendering categories/index.html.erb within layouts/application
  [1m[36mCategory Load (45.1ms)[0m  [1m[34mSELECT "categories".* FROM "categories"[0m
  ↳ app/views/categories/index.html.erb:15
  Rendered categories/index.html.erb within layouts/application (48.9ms)
Completed 200 OK in 85ms (Views: 33.2ms | ActiveRecord: 46.9ms)


Started GET "/categories/new" for 127.0.0.1 at 2019-03-22 21:48:15 -0300
Processing by CategoriesController#new as HTML
  Rendering categories/new.html.erb within layouts/application
  Rendered categories/_form.html.erb (5.7ms)
  Rendered categories/new.html.erb within layouts/application (8.0ms)
Completed 200 OK in 55ms (Views: 31.2ms | ActiveRecord: 14.4ms)


Started GET "/serviceworker.js" for 127.0.0.1 at 2019-03-22 21:48:15 -0300
  
ActionController::RoutingError (No route matches [GET] "/serviceworker.js"):
  
actionpack (5.2.2) lib/action_dispatch/middleware/debug_exceptions.rb:65:in `call'
web-console (3.7.0) lib/web_console/middleware.rb:135:in `call_app'
web-console (3.7.0) lib/web_console/middleware.rb:30:in `block in call'
web-console (3.7.0) lib/web_console/middleware.rb:20:in `catch'
web-console (3.7.0) lib/web_console/middleware.rb:20:in `call'
actionpack (5.2.2) lib/action_dispatch/middleware/show_exceptions.rb:33:in `call'
railties (5.2.2) lib/rails/rack/logger.rb:38:in `call_app'
railties (5.2.2) lib/rails/rack/logger.rb:26:in `block in call'
activesupport (5.2.2) lib/active_support/tagged_logging.rb:71:in `block in tagged'
activesupport (5.2.2) lib/active_support/tagged_logging.rb:28:in `tagged'
activesupport (5.2.2) lib/active_support/tagged_logging.rb:71:in `tagged'
railties (5.2.2) lib/rails/rack/logger.rb:26:in `call'
sprockets-rails (3.2.1) lib/sprockets/rails/quiet_assets.rb:13:in `call'
actionpack (5.2.2) lib/action_dispatch/middleware/remote_ip.rb:81:in `call'
actionpack (5.2.2) lib/action_dispatch/middleware/request_id.rb:27:in `call'
rack (2.0.6) lib/rack/method_override.rb:22:in `call'
rack (2.0.6) lib/rack/runtime.rb:22:in `call'
activesupport (5.2.2) lib/active_support/cache/strategy/local_cache_middleware.rb:29:in `call'
actionpack (5.2.2) lib/action_dispatch/middleware/executor.rb:14:in `call'
actionpack (5.2.2) lib/action_dispatch/middleware/static.rb:127:in `call'
rack (2.0.6) lib/rack/sendfile.rb:111:in `call'
railties (5.2.2) lib/rails/engine.rb:524:in `call'
puma (3.12.0) lib/puma/configuration.rb:225:in `call'
puma (3.12.0) lib/puma/server.rb:658:in `handle_request'
puma (3.12.0) lib/puma/server.rb:472:in `process_client'
puma (3.12.0) lib/puma/server.rb:332:in `block in run'
puma (3.12.0) lib/puma/thread_pool.rb:133:in `block in spawn_thread'
Started GET "/serviceworker.js" for 127.0.0.1 at 2019-03-22 21:48:53 -0300
  
ActionController::RoutingError (No route matches [GET] "/serviceworker.js"):
  
actionpack (5.2.2) lib/action_dispatch/middleware/debug_exceptions.rb:65:in `call'
web-console (3.7.0) lib/web_console/middleware.rb:135:in `call_app'
web-console (3.7.0) lib/web_console/middleware.rb:30:in `block in call'
web-console (3.7.0) lib/web_console/middleware.rb:20:in `catch'
web-console (3.7.0) lib/web_console/middleware.rb:20:in `call'
actionpack (5.2.2) lib/action_dispatch/middleware/show_exceptions.rb:33:in `call'
railties (5.2.2) lib/rails/rack/logger.rb:38:in `call_app'
railties (5.2.2) lib/rails/rack/logger.rb:26:in `block in call'
activesupport (5.2.2) lib/active_support/tagged_logging.rb:71:in `block in tagged'
activesupport (5.2.2) lib/active_support/tagged_logging.rb:28:in `tagged'
activesupport (5.2.2) lib/active_support/tagged_logging.rb:71:in `tagged'
railties (5.2.2) lib/rails/rack/logger.rb:26:in `call'
sprockets-rails (3.2.1) lib/sprockets/rails/quiet_assets.rb:13:in `call'
actionpack (5.2.2) lib/action_dispatch/middleware/remote_ip.rb:81:in `call'
actionpack (5.2.2) lib/action_dispatch/middleware/request_id.rb:27:in `call'
rack (2.0.6) lib/rack/method_override.rb:22:in `call'
rack (2.0.6) lib/rack/runtime.rb:22:in `call'
activesupport (5.2.2) lib/active_support/cache/strategy/local_cache_middleware.rb:29:in `call'
actionpack (5.2.2) lib/action_dispatch/middleware/executor.rb:14:in `call'
actionpack (5.2.2) lib/action_dispatch/middleware/static.rb:127:in `call'
rack (2.0.6) lib/rack/sendfile.rb:111:in `call'
railties (5.2.2) lib/rails/engine.rb:524:in `call'
puma (3.12.0) lib/puma/configuration.rb:225:in `call'
puma (3.12.0) lib/puma/server.rb:658:in `handle_request'
puma (3.12.0) lib/puma/server.rb:472:in `process_client'
puma (3.12.0) lib/puma/server.rb:332:in `block in run'
puma (3.12.0) lib/puma/thread_pool.rb:133:in `block in spawn_thread'
Started GET "/categories/new" for 127.0.0.1 at 2019-03-22 21:53:26 -0300
  [1m[35m (0.6ms)[0m  [1m[34mSELECT "schema_migrations"."version" FROM "schema_migrations" ORDER BY "schema_migrations"."version" ASC[0m
  ↳ /Users/lucassantos/.rbenv/versions/2.6.0/lib/ruby/gems/2.6.0/gems/activerecord-5.2.2/lib/active_record/log_subscriber.rb:98
Processing by CategoriesController#new as HTML
  Rendering categories/new.html.erb within layouts/application
  Rendered categories/_form.html.erb (13.3ms)
  Rendered categories/new.html.erb within layouts/application (16.9ms)
Completed 200 OK in 357ms (Views: 332.4ms | ActiveRecord: 4.2ms)


Started GET "/serviceworker.js" for 127.0.0.1 at 2019-03-22 21:53:29 -0300
  
ActionController::RoutingError (No route matches [GET] "/serviceworker.js"):
  
actionpack (5.2.2) lib/action_dispatch/middleware/debug_exceptions.rb:65:in `call'
web-console (3.7.0) lib/web_console/middleware.rb:135:in `call_app'
web-console (3.7.0) lib/web_console/middleware.rb:30:in `block in call'
web-console (3.7.0) lib/web_console/middleware.rb:20:in `catch'
web-console (3.7.0) lib/web_console/middleware.rb:20:in `call'
actionpack (5.2.2) lib/action_dispatch/middleware/show_exceptions.rb:33:in `call'
railties (5.2.2) lib/rails/rack/logger.rb:38:in `call_app'
railties (5.2.2) lib/rails/rack/logger.rb:26:in `block in call'
activesupport (5.2.2) lib/active_support/tagged_logging.rb:71:in `block in tagged'
activesupport (5.2.2) lib/active_support/tagged_logging.rb:28:in `tagged'
activesupport (5.2.2) lib/active_support/tagged_logging.rb:71:in `tagged'
railties (5.2.2) lib/rails/rack/logger.rb:26:in `call'
sprockets-rails (3.2.1) lib/sprockets/rails/quiet_assets.rb:13:in `call'
actionpack (5.2.2) lib/action_dispatch/middleware/remote_ip.rb:81:in `call'
actionpack (5.2.2) lib/action_dispatch/middleware/request_id.rb:27:in `call'
rack (2.0.6) lib/rack/method_override.rb:22:in `call'
rack (2.0.6) lib/rack/runtime.rb:22:in `call'
activesupport (5.2.2) lib/active_support/cache/strategy/local_cache_middleware.rb:29:in `call'
actionpack (5.2.2) lib/action_dispatch/middleware/executor.rb:14:in `call'
actionpack (5.2.2) lib/action_dispatch/middleware/static.rb:127:in `call'
rack (2.0.6) lib/rack/sendfile.rb:111:in `call'
railties (5.2.2) lib/rails/engine.rb:524:in `call'
puma (3.12.0) lib/puma/configuration.rb:225:in `call'
puma (3.12.0) lib/puma/server.rb:658:in `handle_request'
puma (3.12.0) lib/puma/server.rb:472:in `process_client'
puma (3.12.0) lib/puma/server.rb:332:in `block in run'
puma (3.12.0) lib/puma/thread_pool.rb:133:in `block in spawn_thread'
